18:02:51.077 [main] INFO  com.intuit.karate.Runner - using system property 'karate.options': c:\Users\eduar\OneDrive\Documentos\Inatel\S206\S206\aula_karate\src\test\java\aula_inatel\trabalho_karate\trabalhoTeste.feature:38
18:06:50.757 [main] DEBUG com.intuit.karate.Suite - [config] classpath:karate-config.js
18:06:51.473 [main] INFO  com.intuit.karate - karate.env system property was: null 
18:06:51.752 [main] DEBUG com.intuit.karate - request:
1 > GET https://pokeapi.glitch.me/v1/pokemon/pikachu
1 > Host: pokeapi.glitch.me
1 > Connection: Keep-Alive
1 > User-Agent: Apache-HttpClient/4.5.13 (Java/19.0.1)
1 > Accept-Encoding: gzip,deflate


18:06:53.065 [main] DEBUG com.intuit.karate - response time in milliseconds: 1290
1 < 200
1 < Date: Sun, 27 Nov 2022 21:06:51 GMT
1 < Content-Type: application/json; charset=utf-8
1 < Content-Length: 844
1 < Connection: keep-alive
1 < x-ratelimit-limit: 500
1 < x-ratelimit-remaining: 493
1 < x-ratelimit-reset: 1669626083
1 < x-response-time: 0.002ms
1 < developer: Sankarsan Kampa (a.k.a. k3rn31p4nic)
1 < developer-url: https://sankarsankampa.com
1 < etag: W/"34c-nkD20NflTK3zy2PXwnXQ7mH2D/k"
[{"mega":false,"types":["Electric"],"eggGroups":["Field","Fairy"],"gender":[50,50],"starter":false,"ultraBeast":false,"weight":"13.2 lbs.","description":"When it is angered, it immediately discharges the energy stored in the pouches in its cheeks.","mythical":false,"abilities":{"normal":["Static"],"hidden":["Lightning Rod"]},"number":"25","gen":1,"species":"Mouse","legendary":false,"name":"Pikachu","sprite":"https:\/\/cdn.traction.one\/pokedex\/pokemon\/25.png","family":{"evolutionStage":2,"id":10,"evolutionLine":["Pichu","Pikachu","Raichu"]},"height":"1'04\""}]
18:06:53.082 [main] INFO  com.intuit.karate - karate.env system property was: null 
18:06:53.084 [main] DEBUG com.intuit.karate - request:
1 > GET https://pokeapi.glitch.me/v1/pokemon/Eduardo
1 > Host: pokeapi.glitch.me
1 > Connection: Keep-Alive
1 > User-Agent: Apache-HttpClient/4.5.13 (Java/19.0.1)
1 > Accept-Encoding: gzip,deflate


18:06:54.320 [main] DEBUG com.intuit.karate - response time in milliseconds: 1236
1 < 404
1 < Date: Sun, 27 Nov 2022 21:06:52 GMT
1 < Content-Type: application/json; charset=utf-8
1 < Content-Length: 141
1 < Connection: keep-alive
1 < x-ratelimit-limit: 500
1 < x-ratelimit-remaining: 492
1 < x-ratelimit-reset: 1669626083
1 < x-response-time: 0.002ms
1 < developer: Sankarsan Kampa (a.k.a. k3rn31p4nic)
1 < developer-url: https://sankarsankampa.com
1 < etag: W/"8d-WMeXjtoxqJ9GXCzFOq6BAT5QIRU"
{"error":404,"message":"Oh snap! No Pokémon has been discovered in this region. You should head home: https:\/\/pokedevs.gitbook.io"}
18:06:54.327 [main] INFO  com.intuit.karate - karate.env system property was: null 
18:06:54.329 [main] DEBUG com.intuit.karate - request:
1 > GET https://pokeapi.glitch.me/v1/1234
1 > Host: pokeapi.glitch.me
1 > Connection: Keep-Alive
1 > User-Agent: Apache-HttpClient/4.5.13 (Java/19.0.1)
1 > Accept-Encoding: gzip,deflate


18:06:55.298 [main] DEBUG com.intuit.karate - response time in milliseconds: 967
1 < 404
1 < Date: Sun, 27 Nov 2022 21:06:53 GMT
1 < Content-Type: application/json; charset=utf-8
1 < Content-Length: 141
1 < Connection: keep-alive
1 < x-ratelimit-limit: 500
1 < x-ratelimit-remaining: 491
1 < x-ratelimit-reset: 1669626083
1 < x-response-time: 0.002ms
1 < developer: Sankarsan Kampa (a.k.a. k3rn31p4nic)
1 < developer-url: https://sankarsankampa.com
1 < etag: W/"8d-WMeXjtoxqJ9GXCzFOq6BAT5QIRU"
{"error":404,"message":"Oh snap! No Pokémon has been discovered in this region. You should head home: https:\/\/pokedevs.gitbook.io"}
18:06:55.305 [main] INFO  com.intuit.karate - karate.env system property was: null 
18:06:55.308 [main] DEBUG com.intuit.karate - request:
1 > GET https://pokeapi.glitch.me/v1/pokemon/mewtwo
1 > Host: pokeapi.glitch.me
1 > Connection: Keep-Alive
1 > User-Agent: Apache-HttpClient/4.5.13 (Java/19.0.1)
1 > Accept-Encoding: gzip,deflate


18:06:56.119 [main] DEBUG com.intuit.karate - response time in milliseconds: 810
1 < 200
1 < Date: Sun, 27 Nov 2022 21:06:54 GMT
1 < Content-Type: application/json; charset=utf-8
1 < Content-Length: 2355
1 < Connection: keep-alive
1 < x-ratelimit-limit: 500
1 < x-ratelimit-remaining: 490
1 < x-ratelimit-reset: 1669626083
1 < x-response-time: 0.001ms
1 < developer: Sankarsan Kampa (a.k.a. k3rn31p4nic)
1 < developer-url: https://sankarsankampa.com
1 < etag: W/"933-3EtBeatWqbD7elqypvPnkVJRLdo"
[{"mega":false,"types":["Psychic"],"eggGroups":["Undiscovered"],"gender":[],"starter":false,"ultraBeast":false,"weight":"269 lbs.","description":"Said to rest quietly in an undiscovered cave, this POKéMON was created solely for battling.","mythical":false,"abilities":{"normal":["Pressure"],"hidden":["Unnerve"]},"number":"150","gen":1,"species":"Genetic","legendary":true,"name":"Mewtwo","sprite":"https:\/\/cdn.traction.one\/pokedex\/pokemon\/150.png","family":{"evolutionStage":1,"id":77,"evolutionLine":["Mewtwo"]},"height":"6'07\""},{"mega":true,"types":["Psychic","Fighting"],"eggGroups":["Undiscovered"],"gender":[],"starter":false,"ultraBeast":false,"weight":"280 lbs.","description":"Said to rest quietly in an undiscovered cave, this POKéMON was created solely for battling.","mythical":false,"abilities":{"normal":["Steadfast"],"hidden":["Unnerve"]},"number":"150","gen":6,"species":"Genetic","legendary":true,"name":"Mega Mewtwo X","sprite":"https:\/\/cdn.traction.one\/pokedex\/pokemon\/150-mega-x.png","family":{"evolutionStage":1,"id":77,"evolutionLine":["Mewtwo"]},"height":"7'07\""},{"mega":true,"types":["Psychic"],"eggGroups":["Undiscovered"],"gender":[],"starter":false,"ultraBeast":false,"weight":"72.8 lbs.","description":"Said to rest quietly in an undiscovered cave, this POKéMON was created solely for battling.","mythical":false,"abilities":{"normal":["Insomnia"],"hidden":["Unnerve"]},"number":"150","gen":6,"species":"Genetic","legendary":true,"name":"Mega Mewtwo Y","sprite":"https:\/\/cdn.traction.one\/pokedex\/pokemon\/150-mega-y.png","family":{"evolutionStage":1,"id":77,"evolutionLine":["Mewtwo"]},"height":"4'11\""}]
18:06:56.126 [main] INFO  com.intuit.karate - karate.env system property was: null 
18:06:56.129 [main] DEBUG com.intuit.karate - request:
1 > GET https://pokeapi.glitch.me/v1/pokemon/venusaur
1 > Host: pokeapi.glitch.me
1 > Connection: Keep-Alive
1 > User-Agent: Apache-HttpClient/4.5.13 (Java/19.0.1)
1 > Accept-Encoding: gzip,deflate


18:06:56.937 [main] DEBUG com.intuit.karate - response time in milliseconds: 807
1 < 200
1 < Date: Sun, 27 Nov 2022 21:06:55 GMT
1 < Content-Type: application/json; charset=utf-8
1 < Content-Length: 1737
1 < Connection: keep-alive
1 < x-ratelimit-limit: 500
1 < x-ratelimit-remaining: 489
1 < x-ratelimit-reset: 1669626083
1 < x-response-time: 0.002ms
1 < developer: Sankarsan Kampa (a.k.a. k3rn31p4nic)
1 < developer-url: https://sankarsankampa.com
1 < etag: W/"6c9-PKRyi8bXj0xp/ZxgeYy9AnDYaEE"
[{"mega":false,"types":["Grass","Poison"],"eggGroups":["Monster","Grass"],"gender":[87.5,12.5],"starter":false,"ultraBeast":false,"weight":"220.5 lbs.","description":"As it warms itself and absorbs the sunlight, its flower petals release a pleasant fragrance.","mythical":false,"abilities":{"normal":["Overgrow"],"hidden":["Chlorophyll"]},"number":"3","gen":1,"species":"Seed","legendary":false,"name":"Venusaur","sprite":"https:\/\/cdn.traction.one\/pokedex\/pokemon\/3.png","family":{"evolutionStage":3,"id":1,"evolutionLine":["Bulbasaur","Ivysaur","Venusaur"]},"height":"6'07\""},{"mega":true,"types":["Grass","Poison"],"eggGroups":["Monster","Grass"],"gender":[87.5,12.5],"starter":false,"ultraBeast":false,"weight":"342.8 lbs.","description":"As it warms itself and absorbs the sunlight, its flower petals release a pleasant fragrance.","mythical":false,"abilities":{"normal":["Overgrow"],"hidden":["Thick Fat"]},"number":"3","gen":6,"species":"Seed","legendary":false,"name":"Mega Venusaur","sprite":"https:\/\/cdn.traction.one\/pokedex\/pokemon\/3-mega.png","family":{"evolutionStage":3,"id":1,"evolutionLine":["Bulbasaur","Ivysaur","Venusaur"]},"height":"7'10\""}]
18:06:56.976 [main] INFO  com.intuit.karate - karate.env system property was: null 
18:06:56.979 [main] DEBUG com.intuit.karate - request:
1 > GET https://pokeapi.glitch.me/v1/pokemon/ponyta
1 > Host: pokeapi.glitch.me
1 > Connection: Keep-Alive
1 > User-Agent: Apache-HttpClient/4.5.13 (Java/19.0.1)
1 > Accept-Encoding: gzip,deflate


18:06:57.858 [main] DEBUG com.intuit.karate - response time in milliseconds: 878
1 < 200
1 < Date: Sun, 27 Nov 2022 21:06:56 GMT
1 < Content-Type: application/json; charset=utf-8
1 < Content-Length: 833
1 < Connection: keep-alive
1 < x-ratelimit-limit: 500
1 < x-ratelimit-remaining: 488
1 < x-ratelimit-reset: 1669626083
1 < x-response-time: 0.001ms
1 < developer: Sankarsan Kampa (a.k.a. k3rn31p4nic)
1 < developer-url: https://sankarsankampa.com
1 < etag: W/"341-5HABDv+xQ17T6TwSRH/0rR+PO7c"
[{"mega":false,"types":["Fire"],"eggGroups":["Field"],"gender":[50,50],"starter":false,"ultraBeast":false,"weight":"66.1 lbs.","description":"Training by jumping over grass that grows longer every day has made it a world-class jumper.","mythical":false,"abilities":{"normal":["Run Away","Flash Fire"],"hidden":["Flame Body"]},"number":"77","gen":1,"species":"Fire Horse","legendary":false,"name":"Ponyta","sprite":"https:\/\/cdn.traction.one\/pokedex\/pokemon\/77.png","family":{"evolutionStage":1,"id":32,"evolutionLine":["Ponyta","Rapidash"]},"height":"3'03\""}]
18:06:57.866 [main] INFO  com.intuit.karate - karate.env system property was: null 
18:06:57.869 [main] DEBUG com.intuit.karate - request:
1 > GET https://pokeapi.glitch.me/v1/pokemon/steelix
1 > Host: pokeapi.glitch.me
1 > Connection: Keep-Alive
1 > User-Agent: Apache-HttpClient/4.5.13 (Java/19.0.1)
1 > Accept-Encoding: gzip,deflate


18:06:58.740 [main] DEBUG com.intuit.karate - response time in milliseconds: 870
1 < 200
1 < Date: Sun, 27 Nov 2022 21:06:57 GMT
1 < Content-Type: application/json; charset=utf-8
1 < Content-Length: 1689
1 < Connection: keep-alive
1 < x-ratelimit-limit: 500
1 < x-ratelimit-remaining: 487
1 < x-ratelimit-reset: 1669626083
1 < x-response-time: 0.002ms
1 < developer: Sankarsan Kampa (a.k.a. k3rn31p4nic)
1 < developer-url: https://sankarsankampa.com
1 < etag: W/"699-QHQJZ+nIuzHS5k0GBCdDu4TbmLc"
[{"mega":false,"types":["Steel","Ground"],"eggGroups":["Mineral"],"gender":[50,50],"starter":false,"ultraBeast":false,"weight":"881.8 lbs.","description":"The many small metal particles that cover this POKéMON's body reflect bright light well.","mythical":false,"abilities":{"normal":["Rock Head","Sturdy"],"hidden":["Sheer Force"]},"number":"208","gen":2,"species":"Iron Snake","legendary":false,"name":"Steelix","sprite":"https:\/\/cdn.traction.one\/pokedex\/pokemon\/208.png","family":{"evolutionStage":2,"id":41,"evolutionLine":["Onix","Steelix"]},"height":"30'02\""},{"mega":true,"types":["Steel","Ground"],"eggGroups":["Mineral"],"gender":[50,50],"starter":false,"ultraBeast":false,"weight":"1631.4 lbs.","description":"The many small metal particles that cover this POKéMON's body reflect bright light well.","mythical":false,"abilities":{"normal":["Sand Force"],"hidden":["Sheer Force"]},"number":"208","gen":6,"species":"Iron Snake","legendary":false,"name":"Mega Steelix","sprite":"https:\/\/cdn.traction.one\/pokedex\/pokemon\/208-mega.png","family":{"evolutionStage":2,"id":41,"evolutionLine":["Onix","Steelix"]},"height":"34'05\""}]
18:11:24.591 [main] DEBUG com.intuit.karate.Suite - [config] classpath:karate-config.js
18:11:25.193 [main] INFO  com.intuit.karate - karate.env system property was: null 
18:11:25.420 [main] DEBUG com.intuit.karate - request:
1 > GET https://pokeapi.glitch.me/v1/pokemon/pikachu
1 > Host: pokeapi.glitch.me
1 > Connection: Keep-Alive
1 > User-Agent: Apache-HttpClient/4.5.13 (Java/19.0.1)
1 > Accept-Encoding: gzip,deflate


18:11:26.372 [main] DEBUG com.intuit.karate - response time in milliseconds: 931
1 < 200
1 < Date: Sun, 27 Nov 2022 21:11:25 GMT
1 < Content-Type: application/json; charset=utf-8
1 < Content-Length: 844
1 < Connection: keep-alive
1 < x-ratelimit-limit: 500
1 < x-ratelimit-remaining: 485
1 < x-ratelimit-reset: 1669626083
1 < x-response-time: 0.002ms
1 < developer: Sankarsan Kampa (a.k.a. k3rn31p4nic)
1 < developer-url: https://sankarsankampa.com
1 < etag: W/"34c-nkD20NflTK3zy2PXwnXQ7mH2D/k"
[{"mega":false,"types":["Electric"],"eggGroups":["Field","Fairy"],"gender":[50,50],"starter":false,"ultraBeast":false,"weight":"13.2 lbs.","description":"When it is angered, it immediately discharges the energy stored in the pouches in its cheeks.","mythical":false,"abilities":{"normal":["Static"],"hidden":["Lightning Rod"]},"number":"25","gen":1,"species":"Mouse","legendary":false,"name":"Pikachu","sprite":"https:\/\/cdn.traction.one\/pokedex\/pokemon\/25.png","family":{"evolutionStage":2,"id":10,"evolutionLine":["Pichu","Pikachu","Raichu"]},"height":"1'04\""}]
18:11:26.392 [main] INFO  com.intuit.karate - karate.env system property was: null 
18:11:26.394 [main] DEBUG com.intuit.karate - request:
1 > GET https://pokeapi.glitch.me/v1/pokemon/Eduardo
1 > Host: pokeapi.glitch.me
1 > Connection: Keep-Alive
1 > User-Agent: Apache-HttpClient/4.5.13 (Java/19.0.1)
1 > Accept-Encoding: gzip,deflate


18:11:27.377 [main] DEBUG com.intuit.karate - response time in milliseconds: 983
1 < 404
1 < Date: Sun, 27 Nov 2022 21:11:26 GMT
1 < Content-Type: application/json; charset=utf-8
1 < Content-Length: 141
1 < Connection: keep-alive
1 < x-ratelimit-limit: 500
1 < x-ratelimit-remaining: 484
1 < x-ratelimit-reset: 1669626083
1 < x-response-time: 0.002ms
1 < developer: Sankarsan Kampa (a.k.a. k3rn31p4nic)
1 < developer-url: https://sankarsankampa.com
1 < etag: W/"8d-WMeXjtoxqJ9GXCzFOq6BAT5QIRU"
{"error":404,"message":"Oh snap! No Pokémon has been discovered in this region. You should head home: https:\/\/pokedevs.gitbook.io"}
18:11:27.386 [main] INFO  com.intuit.karate - karate.env system property was: null 
18:11:27.392 [main] DEBUG com.intuit.karate - request:
1 > GET https://pokeapi.glitch.me/v1/1234
1 > Host: pokeapi.glitch.me
1 > Connection: Keep-Alive
1 > User-Agent: Apache-HttpClient/4.5.13 (Java/19.0.1)
1 > Accept-Encoding: gzip,deflate


18:11:28.196 [main] DEBUG com.intuit.karate - response time in milliseconds: 803
1 < 404
1 < Date: Sun, 27 Nov 2022 21:11:26 GMT
1 < Content-Type: application/json; charset=utf-8
1 < Content-Length: 141
1 < Connection: keep-alive
1 < x-ratelimit-limit: 500
1 < x-ratelimit-remaining: 483
1 < x-ratelimit-reset: 1669626083
1 < x-response-time: 0.002ms
1 < developer: Sankarsan Kampa (a.k.a. k3rn31p4nic)
1 < developer-url: https://sankarsankampa.com
1 < etag: W/"8d-WMeXjtoxqJ9GXCzFOq6BAT5QIRU"
{"error":404,"message":"Oh snap! No Pokémon has been discovered in this region. You should head home: https:\/\/pokedevs.gitbook.io"}
18:11:28.202 [main] INFO  com.intuit.karate - karate.env system property was: null 
18:11:28.205 [main] DEBUG com.intuit.karate - request:
1 > GET https://pokeapi.glitch.me/v1/pokemon/mewtwo
1 > Host: pokeapi.glitch.me
1 > Connection: Keep-Alive
1 > User-Agent: Apache-HttpClient/4.5.13 (Java/19.0.1)
1 > Accept-Encoding: gzip,deflate


18:11:29.045 [main] DEBUG com.intuit.karate - response time in milliseconds: 839
1 < 200
1 < Date: Sun, 27 Nov 2022 21:11:27 GMT
1 < Content-Type: application/json; charset=utf-8
1 < Content-Length: 2355
1 < Connection: keep-alive
1 < x-ratelimit-limit: 500
1 < x-ratelimit-remaining: 482
1 < x-ratelimit-reset: 1669626083
1 < x-response-time: 0.002ms
1 < developer: Sankarsan Kampa (a.k.a. k3rn31p4nic)
1 < developer-url: https://sankarsankampa.com
1 < etag: W/"933-3EtBeatWqbD7elqypvPnkVJRLdo"
[{"mega":false,"types":["Psychic"],"eggGroups":["Undiscovered"],"gender":[],"starter":false,"ultraBeast":false,"weight":"269 lbs.","description":"Said to rest quietly in an undiscovered cave, this POKéMON was created solely for battling.","mythical":false,"abilities":{"normal":["Pressure"],"hidden":["Unnerve"]},"number":"150","gen":1,"species":"Genetic","legendary":true,"name":"Mewtwo","sprite":"https:\/\/cdn.traction.one\/pokedex\/pokemon\/150.png","family":{"evolutionStage":1,"id":77,"evolutionLine":["Mewtwo"]},"height":"6'07\""},{"mega":true,"types":["Psychic","Fighting"],"eggGroups":["Undiscovered"],"gender":[],"starter":false,"ultraBeast":false,"weight":"280 lbs.","description":"Said to rest quietly in an undiscovered cave, this POKéMON was created solely for battling.","mythical":false,"abilities":{"normal":["Steadfast"],"hidden":["Unnerve"]},"number":"150","gen":6,"species":"Genetic","legendary":true,"name":"Mega Mewtwo X","sprite":"https:\/\/cdn.traction.one\/pokedex\/pokemon\/150-mega-x.png","family":{"evolutionStage":1,"id":77,"evolutionLine":["Mewtwo"]},"height":"7'07\""},{"mega":true,"types":["Psychic"],"eggGroups":["Undiscovered"],"gender":[],"starter":false,"ultraBeast":false,"weight":"72.8 lbs.","description":"Said to rest quietly in an undiscovered cave, this POKéMON was created solely for battling.","mythical":false,"abilities":{"normal":["Insomnia"],"hidden":["Unnerve"]},"number":"150","gen":6,"species":"Genetic","legendary":true,"name":"Mega Mewtwo Y","sprite":"https:\/\/cdn.traction.one\/pokedex\/pokemon\/150-mega-y.png","family":{"evolutionStage":1,"id":77,"evolutionLine":["Mewtwo"]},"height":"4'11\""}]
18:11:29.052 [main] INFO  com.intuit.karate - karate.env system property was: null 
18:11:29.055 [main] DEBUG com.intuit.karate - request:
1 > GET https://pokeapi.glitch.me/v1/pokemon/venusaur
1 > Host: pokeapi.glitch.me
1 > Connection: Keep-Alive
1 > User-Agent: Apache-HttpClient/4.5.13 (Java/19.0.1)
1 > Accept-Encoding: gzip,deflate


18:11:29.775 [main] DEBUG com.intuit.karate - response time in milliseconds: 719
1 < 200
1 < Date: Sun, 27 Nov 2022 21:11:28 GMT
1 < Content-Type: application/json; charset=utf-8
1 < Content-Length: 1737
1 < Connection: keep-alive
1 < x-ratelimit-limit: 500
1 < x-ratelimit-remaining: 481
1 < x-ratelimit-reset: 1669626083
1 < x-response-time: 0.002ms
1 < developer: Sankarsan Kampa (a.k.a. k3rn31p4nic)
1 < developer-url: https://sankarsankampa.com
1 < etag: W/"6c9-PKRyi8bXj0xp/ZxgeYy9AnDYaEE"
[{"mega":false,"types":["Grass","Poison"],"eggGroups":["Monster","Grass"],"gender":[87.5,12.5],"starter":false,"ultraBeast":false,"weight":"220.5 lbs.","description":"As it warms itself and absorbs the sunlight, its flower petals release a pleasant fragrance.","mythical":false,"abilities":{"normal":["Overgrow"],"hidden":["Chlorophyll"]},"number":"3","gen":1,"species":"Seed","legendary":false,"name":"Venusaur","sprite":"https:\/\/cdn.traction.one\/pokedex\/pokemon\/3.png","family":{"evolutionStage":3,"id":1,"evolutionLine":["Bulbasaur","Ivysaur","Venusaur"]},"height":"6'07\""},{"mega":true,"types":["Grass","Poison"],"eggGroups":["Monster","Grass"],"gender":[87.5,12.5],"starter":false,"ultraBeast":false,"weight":"342.8 lbs.","description":"As it warms itself and absorbs the sunlight, its flower petals release a pleasant fragrance.","mythical":false,"abilities":{"normal":["Overgrow"],"hidden":["Thick Fat"]},"number":"3","gen":6,"species":"Seed","legendary":false,"name":"Mega Venusaur","sprite":"https:\/\/cdn.traction.one\/pokedex\/pokemon\/3-mega.png","family":{"evolutionStage":3,"id":1,"evolutionLine":["Bulbasaur","Ivysaur","Venusaur"]},"height":"7'10\""}]
18:11:29.804 [main] INFO  com.intuit.karate - karate.env system property was: null 
18:11:29.807 [main] DEBUG com.intuit.karate - request:
1 > GET https://pokeapi.glitch.me/v1/pokemon/ponyta
1 > Host: pokeapi.glitch.me
1 > Connection: Keep-Alive
1 > User-Agent: Apache-HttpClient/4.5.13 (Java/19.0.1)
1 > Accept-Encoding: gzip,deflate


18:11:30.548 [main] DEBUG com.intuit.karate - response time in milliseconds: 741
1 < 200
1 < Date: Sun, 27 Nov 2022 21:11:29 GMT
1 < Content-Type: application/json; charset=utf-8
1 < Content-Length: 833
1 < Connection: keep-alive
1 < x-ratelimit-limit: 500
1 < x-ratelimit-remaining: 480
1 < x-ratelimit-reset: 1669626083
1 < x-response-time: 0.002ms
1 < developer: Sankarsan Kampa (a.k.a. k3rn31p4nic)
1 < developer-url: https://sankarsankampa.com
1 < etag: W/"341-5HABDv+xQ17T6TwSRH/0rR+PO7c"
[{"mega":false,"types":["Fire"],"eggGroups":["Field"],"gender":[50,50],"starter":false,"ultraBeast":false,"weight":"66.1 lbs.","description":"Training by jumping over grass that grows longer every day has made it a world-class jumper.","mythical":false,"abilities":{"normal":["Run Away","Flash Fire"],"hidden":["Flame Body"]},"number":"77","gen":1,"species":"Fire Horse","legendary":false,"name":"Ponyta","sprite":"https:\/\/cdn.traction.one\/pokedex\/pokemon\/77.png","family":{"evolutionStage":1,"id":32,"evolutionLine":["Ponyta","Rapidash"]},"height":"3'03\""}]
18:11:30.554 [main] INFO  com.intuit.karate - karate.env system property was: null 
18:11:30.556 [main] DEBUG com.intuit.karate - request:
1 > GET https://pokeapi.glitch.me/v1/pokemon/steelix
1 > Host: pokeapi.glitch.me
1 > Connection: Keep-Alive
1 > User-Agent: Apache-HttpClient/4.5.13 (Java/19.0.1)
1 > Accept-Encoding: gzip,deflate


18:11:31.447 [main] DEBUG com.intuit.karate - response time in milliseconds: 890
1 < 200
1 < Date: Sun, 27 Nov 2022 21:11:30 GMT
1 < Content-Type: application/json; charset=utf-8
1 < Content-Length: 1689
1 < Connection: keep-alive
1 < x-ratelimit-limit: 500
1 < x-ratelimit-remaining: 479
1 < x-ratelimit-reset: 1669626083
1 < x-response-time: 0.001ms
1 < developer: Sankarsan Kampa (a.k.a. k3rn31p4nic)
1 < developer-url: https://sankarsankampa.com
1 < etag: W/"699-QHQJZ+nIuzHS5k0GBCdDu4TbmLc"
[{"mega":false,"types":["Steel","Ground"],"eggGroups":["Mineral"],"gender":[50,50],"starter":false,"ultraBeast":false,"weight":"881.8 lbs.","description":"The many small metal particles that cover this POKéMON's body reflect bright light well.","mythical":false,"abilities":{"normal":["Rock Head","Sturdy"],"hidden":["Sheer Force"]},"number":"208","gen":2,"species":"Iron Snake","legendary":false,"name":"Steelix","sprite":"https:\/\/cdn.traction.one\/pokedex\/pokemon\/208.png","family":{"evolutionStage":2,"id":41,"evolutionLine":["Onix","Steelix"]},"height":"30'02\""},{"mega":true,"types":["Steel","Ground"],"eggGroups":["Mineral"],"gender":[50,50],"starter":false,"ultraBeast":false,"weight":"1631.4 lbs.","description":"The many small metal particles that cover this POKéMON's body reflect bright light well.","mythical":false,"abilities":{"normal":["Sand Force"],"hidden":["Sheer Force"]},"number":"208","gen":6,"species":"Iron Snake","legendary":false,"name":"Mega Steelix","sprite":"https:\/\/cdn.traction.one\/pokedex\/pokemon\/208-mega.png","family":{"evolutionStage":2,"id":41,"evolutionLine":["Onix","Steelix"]},"height":"34'05\""}]
18:11:55.959 [main] DEBUG com.intuit.karate.Suite - [config] classpath:karate-config.js
18:11:56.585 [main] INFO  com.intuit.karate - karate.env system property was: null 
18:11:56.835 [main] DEBUG com.intuit.karate - request:
1 > GET https://pokeapi.glitch.me/v1/pokemon/pikachu
1 > Host: pokeapi.glitch.me
1 > Connection: Keep-Alive
1 > User-Agent: Apache-HttpClient/4.5.13 (Java/19.0.1)
1 > Accept-Encoding: gzip,deflate


18:11:57.674 [main] DEBUG com.intuit.karate - response time in milliseconds: 820
1 < 200
1 < Date: Sun, 27 Nov 2022 21:11:56 GMT
1 < Content-Type: application/json; charset=utf-8
1 < Content-Length: 844
1 < Connection: keep-alive
1 < x-ratelimit-limit: 500
1 < x-ratelimit-remaining: 478
1 < x-ratelimit-reset: 1669626083
1 < x-response-time: 0.001ms
1 < developer: Sankarsan Kampa (a.k.a. k3rn31p4nic)
1 < developer-url: https://sankarsankampa.com
1 < etag: W/"34c-nkD20NflTK3zy2PXwnXQ7mH2D/k"
[{"mega":false,"types":["Electric"],"eggGroups":["Field","Fairy"],"gender":[50,50],"starter":false,"ultraBeast":false,"weight":"13.2 lbs.","description":"When it is angered, it immediately discharges the energy stored in the pouches in its cheeks.","mythical":false,"abilities":{"normal":["Static"],"hidden":["Lightning Rod"]},"number":"25","gen":1,"species":"Mouse","legendary":false,"name":"Pikachu","sprite":"https:\/\/cdn.traction.one\/pokedex\/pokemon\/25.png","family":{"evolutionStage":2,"id":10,"evolutionLine":["Pichu","Pikachu","Raichu"]},"height":"1'04\""}]
18:11:57.692 [main] INFO  com.intuit.karate - karate.env system property was: null 
18:11:57.695 [main] DEBUG com.intuit.karate - request:
1 > GET https://pokeapi.glitch.me/v1/pokemon/Eduardo
1 > Host: pokeapi.glitch.me
1 > Connection: Keep-Alive
1 > User-Agent: Apache-HttpClient/4.5.13 (Java/19.0.1)
1 > Accept-Encoding: gzip,deflate


18:11:58.374 [main] DEBUG com.intuit.karate - response time in milliseconds: 679
1 < 404
1 < Date: Sun, 27 Nov 2022 21:11:57 GMT
1 < Content-Type: application/json; charset=utf-8
1 < Content-Length: 141
1 < Connection: keep-alive
1 < x-ratelimit-limit: 500
1 < x-ratelimit-remaining: 477
1 < x-ratelimit-reset: 1669626083
1 < x-response-time: 0.002ms
1 < developer: Sankarsan Kampa (a.k.a. k3rn31p4nic)
1 < developer-url: https://sankarsankampa.com
1 < etag: W/"8d-WMeXjtoxqJ9GXCzFOq6BAT5QIRU"
{"error":404,"message":"Oh snap! No Pokémon has been discovered in this region. You should head home: https:\/\/pokedevs.gitbook.io"}
18:11:58.383 [main] INFO  com.intuit.karate - karate.env system property was: null 
18:11:58.397 [main] DEBUG com.intuit.karate - request:
1 > GET https://pokeapi.glitch.me/v1/1234
1 > Host: pokeapi.glitch.me
1 > Connection: Keep-Alive
1 > User-Agent: Apache-HttpClient/4.5.13 (Java/19.0.1)
1 > Accept-Encoding: gzip,deflate


18:11:59.251 [main] DEBUG com.intuit.karate - response time in milliseconds: 854
1 < 404
1 < Date: Sun, 27 Nov 2022 21:11:57 GMT
1 < Content-Type: application/json; charset=utf-8
1 < Content-Length: 141
1 < Connection: keep-alive
1 < x-ratelimit-limit: 500
1 < x-ratelimit-remaining: 476
1 < x-ratelimit-reset: 1669626083
1 < x-response-time: 0.001ms
1 < developer: Sankarsan Kampa (a.k.a. k3rn31p4nic)
1 < developer-url: https://sankarsankampa.com
1 < etag: W/"8d-WMeXjtoxqJ9GXCzFOq6BAT5QIRU"
{"error":404,"message":"Oh snap! No Pokémon has been discovered in this region. You should head home: https:\/\/pokedevs.gitbook.io"}
18:11:59.258 [main] INFO  com.intuit.karate - karate.env system property was: null 
18:11:59.267 [main] DEBUG com.intuit.karate - request:
1 > GET https://pokeapi.glitch.me/v1/pokemon/mewtwo
1 > Host: pokeapi.glitch.me
1 > Connection: Keep-Alive
1 > User-Agent: Apache-HttpClient/4.5.13 (Java/19.0.1)
1 > Accept-Encoding: gzip,deflate


18:12:00.017 [main] DEBUG com.intuit.karate - response time in milliseconds: 749
1 < 200
1 < Date: Sun, 27 Nov 2022 21:11:58 GMT
1 < Content-Type: application/json; charset=utf-8
1 < Content-Length: 2355
1 < Connection: keep-alive
1 < x-ratelimit-limit: 500
1 < x-ratelimit-remaining: 475
1 < x-ratelimit-reset: 1669626083
1 < x-response-time: 0.002ms
1 < developer: Sankarsan Kampa (a.k.a. k3rn31p4nic)
1 < developer-url: https://sankarsankampa.com
1 < etag: W/"933-3EtBeatWqbD7elqypvPnkVJRLdo"
[{"mega":false,"types":["Psychic"],"eggGroups":["Undiscovered"],"gender":[],"starter":false,"ultraBeast":false,"weight":"269 lbs.","description":"Said to rest quietly in an undiscovered cave, this POKéMON was created solely for battling.","mythical":false,"abilities":{"normal":["Pressure"],"hidden":["Unnerve"]},"number":"150","gen":1,"species":"Genetic","legendary":true,"name":"Mewtwo","sprite":"https:\/\/cdn.traction.one\/pokedex\/pokemon\/150.png","family":{"evolutionStage":1,"id":77,"evolutionLine":["Mewtwo"]},"height":"6'07\""},{"mega":true,"types":["Psychic","Fighting"],"eggGroups":["Undiscovered"],"gender":[],"starter":false,"ultraBeast":false,"weight":"280 lbs.","description":"Said to rest quietly in an undiscovered cave, this POKéMON was created solely for battling.","mythical":false,"abilities":{"normal":["Steadfast"],"hidden":["Unnerve"]},"number":"150","gen":6,"species":"Genetic","legendary":true,"name":"Mega Mewtwo X","sprite":"https:\/\/cdn.traction.one\/pokedex\/pokemon\/150-mega-x.png","family":{"evolutionStage":1,"id":77,"evolutionLine":["Mewtwo"]},"height":"7'07\""},{"mega":true,"types":["Psychic"],"eggGroups":["Undiscovered"],"gender":[],"starter":false,"ultraBeast":false,"weight":"72.8 lbs.","description":"Said to rest quietly in an undiscovered cave, this POKéMON was created solely for battling.","mythical":false,"abilities":{"normal":["Insomnia"],"hidden":["Unnerve"]},"number":"150","gen":6,"species":"Genetic","legendary":true,"name":"Mega Mewtwo Y","sprite":"https:\/\/cdn.traction.one\/pokedex\/pokemon\/150-mega-y.png","family":{"evolutionStage":1,"id":77,"evolutionLine":["Mewtwo"]},"height":"4'11\""}]
18:12:00.025 [main] INFO  com.intuit.karate - karate.env system property was: null 
18:12:00.028 [main] DEBUG com.intuit.karate - request:
1 > GET https://pokeapi.glitch.me/v1/pokemon/venusaur
1 > Host: pokeapi.glitch.me
1 > Connection: Keep-Alive
1 > User-Agent: Apache-HttpClient/4.5.13 (Java/19.0.1)
1 > Accept-Encoding: gzip,deflate


18:12:00.745 [main] DEBUG com.intuit.karate - response time in milliseconds: 717
1 < 200
1 < Date: Sun, 27 Nov 2022 21:11:59 GMT
1 < Content-Type: application/json; charset=utf-8
1 < Content-Length: 1737
1 < Connection: keep-alive
1 < x-ratelimit-limit: 500
1 < x-ratelimit-remaining: 474
1 < x-ratelimit-reset: 1669626083
1 < x-response-time: 0.001ms
1 < developer: Sankarsan Kampa (a.k.a. k3rn31p4nic)
1 < developer-url: https://sankarsankampa.com
1 < etag: W/"6c9-PKRyi8bXj0xp/ZxgeYy9AnDYaEE"
[{"mega":false,"types":["Grass","Poison"],"eggGroups":["Monster","Grass"],"gender":[87.5,12.5],"starter":false,"ultraBeast":false,"weight":"220.5 lbs.","description":"As it warms itself and absorbs the sunlight, its flower petals release a pleasant fragrance.","mythical":false,"abilities":{"normal":["Overgrow"],"hidden":["Chlorophyll"]},"number":"3","gen":1,"species":"Seed","legendary":false,"name":"Venusaur","sprite":"https:\/\/cdn.traction.one\/pokedex\/pokemon\/3.png","family":{"evolutionStage":3,"id":1,"evolutionLine":["Bulbasaur","Ivysaur","Venusaur"]},"height":"6'07\""},{"mega":true,"types":["Grass","Poison"],"eggGroups":["Monster","Grass"],"gender":[87.5,12.5],"starter":false,"ultraBeast":false,"weight":"342.8 lbs.","description":"As it warms itself and absorbs the sunlight, its flower petals release a pleasant fragrance.","mythical":false,"abilities":{"normal":["Overgrow"],"hidden":["Thick Fat"]},"number":"3","gen":6,"species":"Seed","legendary":false,"name":"Mega Venusaur","sprite":"https:\/\/cdn.traction.one\/pokedex\/pokemon\/3-mega.png","family":{"evolutionStage":3,"id":1,"evolutionLine":["Bulbasaur","Ivysaur","Venusaur"]},"height":"7'10\""}]
18:12:00.772 [main] INFO  com.intuit.karate - karate.env system property was: null 
18:12:00.774 [main] DEBUG com.intuit.karate - request:
1 > GET https://pokeapi.glitch.me/v1/pokemon/ponyta
1 > Host: pokeapi.glitch.me
1 > Connection: Keep-Alive
1 > User-Agent: Apache-HttpClient/4.5.13 (Java/19.0.1)
1 > Accept-Encoding: gzip,deflate


18:12:01.450 [main] DEBUG com.intuit.karate - response time in milliseconds: 675
1 < 200
1 < Date: Sun, 27 Nov 2022 21:12:00 GMT
1 < Content-Type: application/json; charset=utf-8
1 < Content-Length: 833
1 < Connection: keep-alive
1 < x-ratelimit-limit: 500
1 < x-ratelimit-remaining: 473
1 < x-ratelimit-reset: 1669626083
1 < x-response-time: 0.002ms
1 < developer: Sankarsan Kampa (a.k.a. k3rn31p4nic)
1 < developer-url: https://sankarsankampa.com
1 < etag: W/"341-5HABDv+xQ17T6TwSRH/0rR+PO7c"
[{"mega":false,"types":["Fire"],"eggGroups":["Field"],"gender":[50,50],"starter":false,"ultraBeast":false,"weight":"66.1 lbs.","description":"Training by jumping over grass that grows longer every day has made it a world-class jumper.","mythical":false,"abilities":{"normal":["Run Away","Flash Fire"],"hidden":["Flame Body"]},"number":"77","gen":1,"species":"Fire Horse","legendary":false,"name":"Ponyta","sprite":"https:\/\/cdn.traction.one\/pokedex\/pokemon\/77.png","family":{"evolutionStage":1,"id":32,"evolutionLine":["Ponyta","Rapidash"]},"height":"3'03\""}]
18:12:01.457 [main] INFO  com.intuit.karate - karate.env system property was: null 
18:12:01.460 [main] DEBUG com.intuit.karate - request:
1 > GET https://pokeapi.glitch.me/v1/pokemon/steelix
1 > Host: pokeapi.glitch.me
1 > Connection: Keep-Alive
1 > User-Agent: Apache-HttpClient/4.5.13 (Java/19.0.1)
1 > Accept-Encoding: gzip,deflate


18:12:02.110 [main] DEBUG com.intuit.karate - response time in milliseconds: 650
1 < 200
1 < Date: Sun, 27 Nov 2022 21:12:00 GMT
1 < Content-Type: application/json; charset=utf-8
1 < Content-Length: 1689
1 < Connection: keep-alive
1 < x-ratelimit-limit: 500
1 < x-ratelimit-remaining: 472
1 < x-ratelimit-reset: 1669626083
1 < x-response-time: 0.001ms
1 < developer: Sankarsan Kampa (a.k.a. k3rn31p4nic)
1 < developer-url: https://sankarsankampa.com
1 < etag: W/"699-QHQJZ+nIuzHS5k0GBCdDu4TbmLc"
[{"mega":false,"types":["Steel","Ground"],"eggGroups":["Mineral"],"gender":[50,50],"starter":false,"ultraBeast":false,"weight":"881.8 lbs.","description":"The many small metal particles that cover this POKéMON's body reflect bright light well.","mythical":false,"abilities":{"normal":["Rock Head","Sturdy"],"hidden":["Sheer Force"]},"number":"208","gen":2,"species":"Iron Snake","legendary":false,"name":"Steelix","sprite":"https:\/\/cdn.traction.one\/pokedex\/pokemon\/208.png","family":{"evolutionStage":2,"id":41,"evolutionLine":["Onix","Steelix"]},"height":"30'02\""},{"mega":true,"types":["Steel","Ground"],"eggGroups":["Mineral"],"gender":[50,50],"starter":false,"ultraBeast":false,"weight":"1631.4 lbs.","description":"The many small metal particles that cover this POKéMON's body reflect bright light well.","mythical":false,"abilities":{"normal":["Sand Force"],"hidden":["Sheer Force"]},"number":"208","gen":6,"species":"Iron Snake","legendary":false,"name":"Mega Steelix","sprite":"https:\/\/cdn.traction.one\/pokedex\/pokemon\/208-mega.png","family":{"evolutionStage":2,"id":41,"evolutionLine":["Onix","Steelix"]},"height":"34'05\""}]
